#
# A fatal error has been detected by the Java Runtime Environment:
#
#  SIGSEGV (0xb) at pc=0x000000010efdc4c9, pid=10135, tid=47111
#
# JRE version: Java(TM) SE Runtime Environment (7.0_51-b13) (build 1.7.0_51-b13)
# Java VM: Java HotSpot(TM) 64-Bit Server VM (24.51-b03 mixed mode bsd-amd64 compressed oops)
# Problematic frame:
# C  [liblwawt.dylib+0x124c9]  OGLSD_SetScratchSurface+0x3d
#
# Failed to write core dump. Core dumps have been disabled. To enable core dumping, try "ulimit -c unlimited" before starting Java again
#
# If you would like to submit a bug report, please visit:
#   http://bugreport.sun.com/bugreport/crash.jsp
# The crash happened outside the Java Virtual Machine in native code.
# See problematic frame for where to report the bug.
#

---------------  T H R E A D  ---------------

Current thread (0x00007fe4e5099800):  JavaThread "Java2D Queue Flusher" daemon [_thread_in_native, id=47111, stack(0x00000001130cb000,0x00000001131cb000)]

siginfo:si_signo=SIGSEGV: si_errno=0, si_code=1 (SEGV_MAPERR), si_addr=0x0000000000000000

Registers:
RAX=0x00007fe4e3894040, RBX=0x00007fe4e50999e8, RCX=0x00007fe4e3894048, RDX=0x00000000a1a1a1a1
RSP=0x00000001131ca7a0, RBP=0x00000001131ca7c0, RSI=0x00007fe4e3894000, RDI=0x00007fe4e3894040
R8 =0x0000000000000040, R9 =0x00000001131ca700, R10=0x0000000104f1570c, R11=0x0000000103f5f2a7
R12=0x0000000000000000, R13=0x000000077b1fe5c0, R14=0x00007fe4e3420002, R15=0x0000000000000000
RIP=0x000000010efdc4c9, EFLAGS=0x0000000000010206, ERR=0x0000000000000004
  TRAPNO=0x000000000000000e

Top of Stack: (sp=0x00000001131ca7a0)
0x00000001131ca7a0:   00007fe4e345c2c0 0000000000000000
0x00000001131ca7b0:   00007fe4e489fe10 00007fe4e5099800
0x00000001131ca7c0:   00000001131ca840 000000010efd1f16
0x00000001131ca7d0:   0000000000000000 0000000103be4d2a
0x00000001131ca7e0:   0000000000000064 00007fe4e5099800
0x00000001131ca7f0:   0000000000000bad 0000000000000bad
0x00000001131ca800:   00007fe4e5099800 00007fe4e489fe20
0x00000001131ca810:   00007fe400730d00 00007fe4e50999e8
0x00000001131ca820:   000000077b1fe5c0 0000000000000000
0x00000001131ca830:   00000001131ca8e8 00007fe4e5099800
0x00000001131ca840:   00000001131ca8b0 0000000104f15738
0x00000001131ca850:   00000001131ca890 000000077af09040
0x00000001131ca860:   00000001131ca880 0000000000000064
0x00000001131ca870:   00000001131ca870 0000000000000000
0x00000001131ca880:   00000001131ca8e8 000000077b1ffd98
0x00000001131ca890:   0000000000000000 000000077b1fe5c0
0x00000001131ca8a0:   0000000000000000 00000001131ca8d0
0x00000001131ca8b0:   00000001131ca930 0000000104f09058
0x00000001131ca8c0:   0000000000000000 0000000104f11cd8
0x00000001131ca8d0:   0000000000000020 00007fe4e489fe00
0x00000001131ca8e0:   00000007d7669270 00000007d7669258
0x00000001131ca8f0:   00000001131ca8f0 000000077b1fe6a5
0x00000001131ca900:   00000001131ca948 000000077b1ffd98
0x00000001131ca910:   0000000000000000 000000077b1fe6c8
0x00000001131ca920:   00000001131ca8d0 00000001131ca948
0x00000001131ca930:   00000001131ca990 0000000104f09058
0x00000001131ca940:   0000000000000020 00000007d7669258
0x00000001131ca950:   00000001131ca950 000000077b1fe859
0x00000001131ca960:   00000001131ca9a0 000000077b1ffd98
0x00000001131ca970:   0000000000000000 000000077b1fe868
0x00000001131ca980:   00000001131ca948 00000001131ca9a0
0x00000001131ca990:   00000001131ca9f8 0000000104f09058 

Instructions: (pc=0x000000010efdc4c9)
0x000000010efdc4a9:   c0 be 01 00 00 00 e8 2a 27 03 00 31 c0 eb 6d 48
0x000000010efdc4b9:   89 fb 4c 8b 76 10 4d 8b 3e 30 c0 e8 e9 2b 03 00
0x000000010efdc4c9:   49 8b 3f 49 89 c4 48 8b 35 f2 74 06 00 30 c0 e8
0x000000010efdc4d9:   5b 2d 03 00 48 85 c0 75 4c 30 c0 e8 1f 61 ff ff 

Register to memory mapping:

RAX=0x00007fe4e3894040 is an unknown value
RBX=0x00007fe4e50999e8 is an unknown value
RCX=0x00007fe4e3894048 is an unknown value
RDX=0x00000000a1a1a1a1 is an unknown value
RSP=0x00000001131ca7a0 is pointing into the stack for thread: 0x00007fe4e5099800
RBP=0x00000001131ca7c0 is pointing into the stack for thread: 0x00007fe4e5099800
RSI=0x00007fe4e3894000 is an unknown value
RDI=0x00007fe4e3894040 is an unknown value
R8 =0x0000000000000040 is an unknown value
R9 =0x00000001131ca700 is pointing into the stack for thread: 0x00007fe4e5099800
R10=0x0000000104f1570c is at code_begin+620 in an Interpreter codelet
method entry point (kind = native)  [0x0000000104f154a0, 0x0000000104f15ce0]  2112 bytes
R11=0x0000000103f5f2a7: throw_unsatisfied_link_error+0 in /Library/Java/JavaVirtualMachines/jdk1.7.0_51.jdk/Contents/Home/jre/lib/server/libjvm.dylib at 0x0000000103aef000
R12=0x0000000000000000 is an unknown value
R13=0x000000077b1fe5c0 is an oop
{method} 
 - klass: {other class}
R14=0x00007fe4e3420002 is an unknown value
R15=0x0000000000000000 is an unknown value


Stack: [0x00000001130cb000,0x00000001131cb000],  sp=0x00000001131ca7a0,  free space=1021k
Native frames: (J=compiled Java code, j=interpreted, Vv=VM code, C=native code)
C  [liblwawt.dylib+0x124c9]  OGLSD_SetScratchSurface+0x3d
C  [liblwawt.dylib+0x7f16]  Java_sun_java2d_opengl_OGLRenderQueue_flushBuffer+0x63a
j  sun.java2d.opengl.OGLRenderQueue.flushBuffer(JI)V+0
j  sun.java2d.opengl.OGLRenderQueue.flushBuffer()V+21
j  sun.java2d.opengl.OGLRenderQueue.access$100(Lsun/java2d/opengl/OGLRenderQueue;)V+1
j  sun.java2d.opengl.OGLRenderQueue$QueueFlusher.run()V+81
v  ~StubRoutines::call_stub
V  [libjvm.dylib+0x2d6bb0]
V  [libjvm.dylib+0x2d70c7]
V  [libjvm.dylib+0x2d7204]
V  [libjvm.dylib+0x3261ea]
V  [libjvm.dylib+0x4efb57]
V  [libjvm.dylib+0x4f125f]
V  [libjvm.dylib+0x41b1d6]
C  [libsystem_pthread.dylib+0x1899]  _pthread_body+0x8a
C  [libsystem_pthread.dylib+0x172a]  _pthread_struct_init+0x0
C  [libsystem_pthread.dylib+0x5fc9]  thread_start+0xd

Java frames: (J=compiled Java code, j=interpreted, Vv=VM code)
j  sun.java2d.opengl.OGLRenderQueue.flushBuffer(JI)V+0
j  sun.java2d.opengl.OGLRenderQueue.flushBuffer()V+21
j  sun.java2d.opengl.OGLRenderQueue.access$100(Lsun/java2d/opengl/OGLRenderQueue;)V+1
j  sun.java2d.opengl.OGLRenderQueue$QueueFlusher.run()V+81
v  ~StubRoutines::call_stub

---------------  P R O C E S S  ---------------

Java Threads: ( => current thread )
  0x00007fe4e51fa000 JavaThread "TimerQueue" daemon [_thread_blocked, id=57175, stack(0x000000011c649000,0x000000011c749000)]
  0x00007fe4e490e000 JavaThread "DestroyJavaVM" [_thread_blocked, id=6915, stack(0x0000000104e01000,0x0000000104f01000)]
  0x00007fe4e404d800 JavaThread "AWT-EventQueue-0" [_thread_blocked, id=49927, stack(0x000000011403b000,0x000000011413b000)]
  0x00007fe4e50cc000 JavaThread "Java2D Disposer" daemon [_thread_blocked, id=49671, stack(0x0000000113ec1000,0x0000000113fc1000)]
=>0x00007fe4e5099800 JavaThread "Java2D Queue Flusher" daemon [_thread_in_native, id=47111, stack(0x00000001130cb000,0x00000001131cb000)]
  0x00007fe4e507c000 JavaThread "AWT-Shutdown" [_thread_blocked, id=28171, stack(0x0000000110759000,0x0000000110859000)]
  0x00007fe4e4045800 JavaThread "AppKit Thread" daemon [_thread_blocked, id=1287, stack(0x00007fff5c18f000,0x00007fff5c20f000)]
  0x00007fe4e3810000 JavaThread "Service Thread" daemon [_thread_blocked, id=19715, stack(0x000000010ec00000,0x000000010ed00000)]
  0x00007fe4e5008000 JavaThread "C2 CompilerThread1" daemon [_thread_blocked, id=19203, stack(0x000000010eafd000,0x000000010ebfd000)]
  0x00007fe4e4821800 JavaThread "C2 CompilerThread0" daemon [_thread_blocked, id=18691, stack(0x000000010e9fa000,0x000000010eafa000)]
  0x00007fe4e4831000 JavaThread "Signal Dispatcher" daemon [_thread_blocked, id=18179, stack(0x000000010e8f7000,0x000000010e9f7000)]
  0x00007fe4e380d800 JavaThread "Finalizer" daemon [_thread_blocked, id=13059, stack(0x000000010e61a000,0x000000010e71a000)]
  0x00007fe4e5000000 JavaThread "Reference Handler" daemon [_thread_blocked, id=12547, stack(0x000000010e517000,0x000000010e617000)]

Other Threads:
  0x00007fe4e4039800 VMThread [stack: 0x000000010e414000,0x000000010e514000] [id=12035]
  0x00007fe4e481f000 WatcherThread [stack: 0x000000010ed03000,0x000000010ee03000] [id=20227]

VM state:not at safepoint (normal execution)

VM Mutex/Monitor currently owned by a thread: None

Heap
 PSYoungGen      total 38912K, used 10474K [0x00000007d5500000, 0x00000007d8000000, 0x0000000800000000)
  eden space 33792K, 15% used [0x00000007d5500000,0x00000007d5a3d568,0x00000007d7600000)
  from space 5120K, 99% used [0x00000007d7600000,0x00000007d7afd588,0x00000007d7b00000)
  to   space 5120K, 0% used [0x00000007d7b00000,0x00000007d7b00000,0x00000007d8000000)
 ParOldGen       total 87040K, used 11859K [0x0000000780000000, 0x0000000785500000, 0x00000007d5500000)
  object space 87040K, 13% used [0x0000000780000000,0x0000000780b94c08,0x0000000785500000)
 PSPermGen       total 21504K, used 13076K [0x000000077ae00000, 0x000000077c300000, 0x0000000780000000)
  object space 21504K, 60% used [0x000000077ae00000,0x000000077bac5110,0x000000077c300000)

Card table byte_map: [0x0000000107fc3000,0x00000001083ed000] byte_map_base: 0x00000001043ec000

Polling page: 0x0000000104595000

Code Cache  [0x0000000104f03000, 0x0000000105173000, 0x0000000107f03000)
 total_blobs=603 nmethods=124 adapters=433 free_code_cache=48448Kb largest_free_block=49583616

Compilation events (10 events):
Event: 1011.995 Thread 0x00007fe4e5008000 nmethod 120 0x0000000104fb2550 code [0x0000000104fb2680, 0x0000000104fb26d8]
Event: 1011.995 Thread 0x00007fe4e4821800 nmethod 119 0x0000000104fb4250 code [0x0000000104fb43a0, 0x0000000104fb4498]
Event: 1017.432 Thread 0x00007fe4e5008000  121             sun.java2d.pipe.RenderQueue::tryLock (4 bytes)
Event: 1017.433 Thread 0x00007fe4e5008000 nmethod 121 0x0000000104f9fc90 code [0x0000000104f9fde0, 0x0000000104f9fef8]
Event: 1375.561 Thread 0x00007fe4e4821800  122 %s!         sun.java2d.opengl.OGLRenderQueue$QueueFlusher::run @ 2 (234 bytes)
Event: 1375.576 Thread 0x00007fe4e4821800 nmethod 122% 0x0000000104fb4890 code [0x0000000104fb4ae0, 0x0000000104fb5368]
Event: 3737.250 Thread 0x00007fe4e5008000  123             java.util.Arrays::fill (21 bytes)
Event: 3737.254 Thread 0x00007fe4e5008000 nmethod 123 0x0000000104fb6150 code [0x0000000104fb62a0, 0x0000000104fb63f8]
Event: 3737.601 Thread 0x00007fe4e4821800  124             java.awt.image.SinglePixelPackedSampleModel::<init> (277 bytes)
Event: 3737.610 Thread 0x00007fe4e4821800 nmethod 124 0x0000000104f9f150 code [0x0000000104f9f2e0, 0x0000000104f9f888]

GC Heap History (2 events):
Event: 4172.089 GC heap before
{Heap before GC invocations=1 (full 0):
 PSYoungGen      total 38912K, used 33121K [0x00000007d5500000, 0x00000007d8000000, 0x0000000800000000)
  eden space 33792K, 98% used [0x00000007d5500000,0x00000007d7558750,0x00000007d7600000)
  from space 5120K, 0% used [0x00000007d7b00000,0x00000007d7b00000,0x00000007d8000000)
  to   space 5120K, 0% used [0x00000007d7600000,0x00000007d7600000,0x00000007d7b00000)
 ParOldGen       total 87040K, used 0K [0x0000000780000000, 0x0000000785500000, 0x00000007d5500000)
  object space 87040K, 0% used [0x0000000780000000,0x0000000780000000,0x0000000785500000)
 PSPermGen       total 21504K, used 13076K [0x000000077ae00000, 0x000000077c300000, 0x0000000780000000)
  object space 21504K, 60% used [0x000000077ae00000,0x000000077bac5110,0x000000077c300000)
Event: 4172.116 GC heap after
Heap after GC invocations=1 (full 0):
 PSYoungGen      total 38912K, used 5109K [0x00000007d5500000, 0x00000007d8000000, 0x0000000800000000)
  eden space 33792K, 0% used [0x00000007d5500000,0x00000007d5500000,0x00000007d7600000)
  from space 5120K, 99% used [0x00000007d7600000,0x00000007d7afd588,0x00000007d7b00000)
  to   space 5120K, 0% used [0x00000007d7b00000,0x00000007d7b00000,0x00000007d8000000)
 ParOldGen       total 87040K, used 11859K [0x0000000780000000, 0x0000000785500000, 0x00000007d5500000)
  object space 87040K, 13% used [0x0000000780000000,0x0000000780b94c08,0x0000000785500000)
 PSPermGen       total 21504K, used 13076K [0x000000077ae00000, 0x000000077c300000, 0x0000000780000000)
  object space 21504K, 60% used [0x000000077ae00000,0x000000077bac5110,0x000000077c300000)
}

Deoptimization events (9 events):
Event: 1.692 Thread 0x00007fe4e404d800 Uncommon trap: reason=unloaded action=reinterpret pc=0x0000000104f88ac0 method=java.lang.CharacterData.of(I)Ljava/lang/CharacterData; @ 96
Event: 8.002 Thread 0x00007fe4e404d800 Uncommon trap: reason=class_check action=maybe_recompile pc=0x0000000104f7c1d0 method=java.lang.String.equals(Ljava/lang/Object;)Z @ 8
Event: 8.002 Thread 0x00007fe4e404d800 Uncommon trap: reason=class_check action=maybe_recompile pc=0x0000000104f7c1d0 method=java.lang.String.equals(Ljava/lang/Object;)Z @ 8
Event: 8.014 Thread 0x00007fe4e404d800 Uncommon trap: reason=class_check action=maybe_recompile pc=0x0000000104f7c1d0 method=java.lang.String.equals(Ljava/lang/Object;)Z @ 8
Event: 8.669 Thread 0x00007fe4e404d800 Uncommon trap: reason=class_check action=maybe_recompile pc=0x0000000104f7c1d0 method=java.lang.String.equals(Ljava/lang/Object;)Z @ 8
Event: 12.292 Thread 0x00007fe4e404d800 Uncommon trap: reason=unreached action=reinterpret pc=0x0000000104f9c1e8 method=javax.swing.LayoutComparator.compare(Ljava/awt/Component;Ljava/awt/Component;)I @ 2
Event: 3737.548 Thread 0x00007fe4e5099800 Uncommon trap: reason=predicate action=maybe_recompile pc=0x0000000104fb63c0 method=java.util.Arrays.fill([Ljava/lang/Object;Ljava/lang/Object;)V @ 10
Event: 3737.597 Thread 0x00007fe4e5099800 Uncommon trap: reason=class_check action=maybe_recompile pc=0x0000000104fb4e80 method=sun.java2d.opengl.OGLRenderQueue$QueueFlusher.run()V @ 95
Event: 4171.897 Thread 0x00007fe4e5099800 Uncommon trap: reason=class_check action=maybe_recompile pc=0x0000000104fb4e80 method=sun.java2d.opengl.OGLRenderQueue$QueueFlusher.run()V @ 95

Internal exceptions (10 events):
Event: 0.618 Thread 0x00007fe4e4004800 Threw 0x00000007d5849b60 at /HUDSON/workspace/7u-2-build-macosx-x86_64/jdk7u51/527/hotspot/src/share/vm/prims/jvm.cpp:1244
Event: 0.638 Thread 0x00007fe4e4004800 Threw 0x00000007d59129a8 at /HUDSON/workspace/7u-2-build-macosx-x86_64/jdk7u51/527/hotspot/src/share/vm/prims/jvm.cpp:1244
Event: 0.640 Thread 0x00007fe4e4004800 Threw 0x00000007d591aad0 at /HUDSON/workspace/7u-2-build-macosx-x86_64/jdk7u51/527/hotspot/src/share/vm/prims/jvm.cpp:1244
Event: 0.641 Thread 0x00007fe4e4004800 Threw 0x00000007d591ec78 at /HUDSON/workspace/7u-2-build-macosx-x86_64/jdk7u51/527/hotspot/src/share/vm/prims/jvm.cpp:1244
Event: 0.642 Thread 0x00007fe4e4004800 Threw 0x00000007d5923a70 at /HUDSON/workspace/7u-2-build-macosx-x86_64/jdk7u51/527/hotspot/src/share/vm/prims/jvm.cpp:1244
Event: 0.689 Thread 0x00007fe4e4004800 Threw 0x00000007d593b128 at /HUDSON/workspace/7u-2-build-macosx-x86_64/jdk7u51/527/hotspot/src/share/vm/prims/jvm.cpp:1244
Event: 0.710 Thread 0x00007fe4e4004800 Threw 0x00000007d5951fe8 at /HUDSON/workspace/7u-2-build-macosx-x86_64/jdk7u51/527/hotspot/src/share/vm/prims/jvm.cpp:1244
Event: 0.712 Thread 0x00007fe4e4004800 Threw 0x00000007d5958e50 at /HUDSON/workspace/7u-2-build-macosx-x86_64/jdk7u51/527/hotspot/src/share/vm/prims/jvm.cpp:1244
Event: 1.417 Thread 0x00007fe4e4004800 Threw 0x00000007d5b87570 at /HUDSON/workspace/7u-2-build-macosx-x86_64/jdk7u51/527/hotspot/src/share/vm/prims/jvm.cpp:1244
Event: 1.442 Thread 0x00007fe4e4004800 Threw 0x00000007d5bbb1e0 at /HUDSON/workspace/7u-2-build-macosx-x86_64/jdk7u51/527/hotspot/src/share/vm/prims/jvm.cpp:1244

Events (10 events):
Event: 3737.691 loading class 0x00007fe4e5077530 done
Event: 3737.691 loading class 0x00007fe4e49369b0
Event: 3737.710 loading class 0x00007fe4e49369b0 done
Event: 3737.710 loading class 0x00007fe4e48928d0
Event: 3737.710 loading class 0x00007fe4e48928d0 done
Event: 4171.897 Thread 0x00007fe4e5099800 Uncommon trap: trap_request=0xffffffde fr.pc=0x0000000104fb4e80
Event: 4171.897 Thread 0x00007fe4e5099800 DEOPT PACKING pc=0x0000000104fb4e80 sp=0x00000001131ca9e0
Event: 4171.897 Thread 0x00007fe4e5099800 DEOPT UNPACKING pc=0x0000000104f3c045 sp=0x00000001131ca990 mode 2
Event: 4172.089 Executing VM operation: ParallelGCFailedAllocation
Event: 4172.116 Executing VM operation: ParallelGCFailedAllocation done


Dynamic libraries:
0x000000000b0cb000 	/System/Library/Frameworks/Cocoa.framework/Versions/A/Cocoa
0x000000000b0cb000 	/System/Library/Frameworks/Security.framework/Versions/A/Security
0x000000000b0cb000 	/System/Library/Frameworks/ApplicationServices.framework/Versions/A/ApplicationServices
0x000000000b0cb000 	/usr/lib/libz.1.dylib
0x000000000b0cb000 	/usr/lib/libSystem.B.dylib
0x000000000b0cb000 	/usr/lib/libobjc.A.dylib
0x000000000b0cb000 	/System/Library/Frameworks/CoreFoundation.framework/Versions/A/CoreFoundation
0x000000000b0cb000 	/System/Library/Frameworks/Foundation.framework/Versions/C/Foundation
0x000000000b0cb000 	/System/Library/Frameworks/AppKit.framework/Versions/C/AppKit
0x000000000b0cb000 	/System/Library/Frameworks/CoreData.framework/Versions/A/CoreData
0x000000000b0cb000 	/System/Library/PrivateFrameworks/RemoteViewServices.framework/Versions/A/RemoteViewServices
0x000000000b0cb000 	/System/Library/Frameworks/AudioToolbox.framework/Versions/A/AudioToolbox
0x000000000b0cb000 	/System/Library/Frameworks/AudioUnit.framework/Versions/A/AudioUnit
0x000000000b0cb000 	/System/Library/PrivateFrameworks/DataDetectorsCore.framework/Versions/A/DataDetectorsCore
0x000000000b0cb000 	/System/Library/PrivateFrameworks/DesktopServicesPriv.framework/Versions/A/DesktopServicesPriv
0x000000000b0cb000 	/System/Library/Frameworks/Carbon.framework/Versions/A/Frameworks/HIToolbox.framework/Versions/A/HIToolbox
0x000000000b0cb000 	/System/Library/Frameworks/QuartzCore.framework/Versions/A/QuartzCore
0x000000000b0cb000 	/System/Library/Frameworks/Carbon.framework/Versions/A/Frameworks/SpeechRecognition.framework/Versions/A/SpeechRecognition
0x000000000b0cb000 	/usr/lib/libauto.dylib
0x000000000b0cb000 	/usr/lib/libicucore.A.dylib
0x000000000b0cb000 	/usr/lib/libxml2.2.dylib
0x000000000b0cb000 	/System/Library/PrivateFrameworks/CoreUI.framework/Versions/A/CoreUI
0x000000000b0cb000 	/System/Library/Frameworks/CoreAudio.framework/Versions/A/CoreAudio
0x000000000b0cb000 	/System/Library/Frameworks/DiskArbitration.framework/Versions/A/DiskArbitration
0x000000000b0cb000 	/usr/lib/liblangid.dylib
0x000000000b0cb000 	/System/Library/PrivateFrameworks/MultitouchSupport.framework/Versions/A/MultitouchSupport
0x000000000b0cb000 	/System/Library/Frameworks/IOKit.framework/Versions/A/IOKit
0x000000000b0cb000 	/usr/lib/libDiagnosticMessagesClient.dylib
0x000000000b0cb000 	/System/Library/Frameworks/CoreServices.framework/Versions/A/CoreServices
0x000000000b0cb000 	/System/Library/PrivateFrameworks/PerformanceAnalysis.framework/Versions/A/PerformanceAnalysis
0x000000000b0cb000 	/System/Library/PrivateFrameworks/GenerationalStorage.framework/Versions/A/GenerationalStorage
0x000000000b0cb000 	/System/Library/Frameworks/OpenGL.framework/Versions/A/OpenGL
0x000000000b0cb000 	/System/Library/PrivateFrameworks/Sharing.framework/Versions/A/Sharing
0x000000000b0cb000 	/System/Library/Frameworks/ImageIO.framework/Versions/A/ImageIO
0x000000000b0cb000 	/System/Library/Frameworks/CoreText.framework/Versions/A/CoreText
0x000000000b0cb000 	/System/Library/Frameworks/CoreGraphics.framework/Versions/A/CoreGraphics
0x000000000b0cb000 	/System/Library/PrivateFrameworks/Backup.framework/Versions/A/Backup
0x000000000b0cb000 	/System/Library/Frameworks/CFNetwork.framework/Versions/A/CFNetwork
0x000000000b0cb000 	/System/Library/Frameworks/SystemConfiguration.framework/Versions/A/SystemConfiguration
0x000000000b0cb000 	/usr/lib/libCRFSuite.dylib
0x000000000b0cb000 	/usr/lib/libc++.1.dylib
0x000000000b0cb000 	/usr/lib/libc++abi.dylib
0x000000000b0cb000 	/usr/lib/system/libcache.dylib
0x000000000b0cb000 	/usr/lib/system/libcommonCrypto.dylib
0x000000000b0cb000 	/usr/lib/system/libcompiler_rt.dylib
0x000000000b0cb000 	/usr/lib/system/libcopyfile.dylib
0x000000000b0cb000 	/usr/lib/system/libcorecrypto.dylib
0x000000000b0cb000 	/usr/lib/system/libdispatch.dylib
0x000000000b0cb000 	/usr/lib/system/libdyld.dylib
0x000000000b0cb000 	/usr/lib/system/libkeymgr.dylib
0x000000000b0cb000 	/usr/lib/system/liblaunch.dylib
0x000000000b0cb000 	/usr/lib/system/libmacho.dylib
0x000000000b0cb000 	/usr/lib/system/libquarantine.dylib
0x000000000b0cb000 	/usr/lib/system/libremovefile.dylib
0x000000000b0cb000 	/usr/lib/system/libsystem_asl.dylib
0x000000000b0cb000 	/usr/lib/system/libsystem_blocks.dylib
0x000000000b0cb000 	/usr/lib/system/libsystem_c.dylib
0x000000000b0cb000 	/usr/lib/system/libsystem_configuration.dylib
0x000000000b0cb000 	/usr/lib/system/libsystem_dnssd.dylib
0x000000000b0cb000 	/usr/lib/system/libsystem_info.dylib
0x000000000b0cb000 	/usr/lib/system/libsystem_kernel.dylib
0x000000000b0cb000 	/usr/lib/system/libsystem_m.dylib
0x000000000b0cb000 	/usr/lib/system/libsystem_malloc.dylib
0x000000000b0cb000 	/usr/lib/system/libsystem_network.dylib
0x000000000b0cb000 	/usr/lib/system/libsystem_notify.dylib
0x000000000b0cb000 	/usr/lib/system/libsystem_platform.dylib
0x000000000b0cb000 	/usr/lib/system/libsystem_pthread.dylib
0x000000000b0cb000 	/usr/lib/system/libsystem_sandbox.dylib
0x000000000b0cb000 	/usr/lib/system/libsystem_stats.dylib
0x000000000b0cb000 	/usr/lib/system/libunc.dylib
0x000000000b0cb000 	/usr/lib/system/libunwind.dylib
0x000000000b0cb000 	/usr/lib/system/libxpc.dylib
0x000000000b0cb000 	/usr/lib/libbsm.0.dylib
0x000000000b0cb000 	/usr/lib/libsqlite3.dylib
0x000000000b0cb000 	/usr/lib/libxar.1.dylib
0x000000000b0cb000 	/usr/lib/libpam.2.dylib
0x000000000b0cb000 	/usr/lib/libOpenScriptingUtil.dylib
0x000000000b0cb000 	/usr/lib/libbz2.1.0.dylib
0x000000000b0cb000 	/System/Library/Frameworks/CoreServices.framework/Versions/A/Frameworks/CarbonCore.framework/Versions/A/CarbonCore
0x000000000b0cb000 	/System/Library/Frameworks/CoreServices.framework/Versions/A/Frameworks/Metadata.framework/Versions/A/Metadata
0x000000000b0cb000 	/System/Library/Frameworks/CoreServices.framework/Versions/A/Frameworks/OSServices.framework/Versions/A/OSServices
0x000000000b0cb000 	/System/Library/Frameworks/CoreServices.framework/Versions/A/Frameworks/SearchKit.framework/Versions/A/SearchKit
0x000000000b0cb000 	/System/Library/Frameworks/CoreServices.framework/Versions/A/Frameworks/AE.framework/Versions/A/AE
0x000000000b0cb000 	/System/Library/Frameworks/CoreServices.framework/Versions/A/Frameworks/LaunchServices.framework/Versions/A/LaunchServices
0x000000000b0cb000 	/System/Library/Frameworks/CoreServices.framework/Versions/A/Frameworks/DictionaryServices.framework/Versions/A/DictionaryServices
0x000000000b0cb000 	/System/Library/Frameworks/NetFS.framework/Versions/A/NetFS
0x000000000b0cb000 	/usr/lib/system/libkxld.dylib
0x000000000b0cb000 	/System/Library/PrivateFrameworks/NetAuth.framework/Versions/A/NetAuth
0x000000000b0cb000 	/System/Library/PrivateFrameworks/TCC.framework/Versions/A/TCC
0x000000000b0cb000 	/System/Library/Frameworks/OpenDirectory.framework/Versions/A/Frameworks/CFOpenDirectory.framework/Versions/A/CFOpenDirectory
0x000000000b0cb000 	/System/Library/Frameworks/ServiceManagement.framework/Versions/A/ServiceManagement
0x000000000b0cb000 	/usr/lib/libxslt.1.dylib
0x000000000b0cb000 	/System/Library/Frameworks/Carbon.framework/Versions/A/Frameworks/Ink.framework/Versions/A/Ink
0x000000000b0cb000 	/System/Library/Frameworks/ApplicationServices.framework/Versions/A/Frameworks/ATS.framework/Versions/A/ATS
0x000000000b0cb000 	/System/Library/Frameworks/ApplicationServices.framework/Versions/A/Frameworks/ColorSync.framework/Versions/A/ColorSync
0x000000000b0cb000 	/System/Library/Frameworks/ApplicationServices.framework/Versions/A/Frameworks/HIServices.framework/Versions/A/HIServices
0x000000000b0cb000 	/System/Library/Frameworks/ApplicationServices.framework/Versions/A/Frameworks/LangAnalysis.framework/Versions/A/LangAnalysis
0x000000000b0cb000 	/System/Library/Frameworks/ApplicationServices.framework/Versions/A/Frameworks/PrintCore.framework/Versions/A/PrintCore
0x000000000b0cb000 	/System/Library/Frameworks/ApplicationServices.framework/Versions/A/Frameworks/QD.framework/Versions/A/QD
0x000000000b0cb000 	/System/Library/Frameworks/ApplicationServices.framework/Versions/A/Frameworks/SpeechSynthesis.framework/Versions/A/SpeechSynthesis
0x000000000b0cb000 	/System/Library/Frameworks/IOSurface.framework/Versions/A/IOSurface
0x000000000b0cb000 	/System/Library/Frameworks/Accelerate.framework/Versions/A/Accelerate
0x000000000b0cb000 	/System/Library/Frameworks/Accelerate.framework/Versions/A/Frameworks/vImage.framework/Versions/A/vImage
0x000000000b0cb000 	/System/Library/Frameworks/Accelerate.framework/Versions/A/Frameworks/vecLib.framework/Versions/A/vecLib
0x000000000b0cb000 	/System/Library/Frameworks/Accelerate.framework/Versions/A/Frameworks/vecLib.framework/Versions/A/libvDSP.dylib
0x000000000b0cb000 	/System/Library/Frameworks/Accelerate.framework/Versions/A/Frameworks/vecLib.framework/Versions/A/libvMisc.dylib
0x000000000b0cb000 	/System/Library/Frameworks/Accelerate.framework/Versions/A/Frameworks/vecLib.framework/Versions/A/libLAPACK.dylib
0x000000000b0cb000 	/System/Library/Frameworks/Accelerate.framework/Versions/A/Frameworks/vecLib.framework/Versions/A/libBLAS.dylib
0x000000000b0cb000 	/System/Library/Frameworks/ApplicationServices.framework/Versions/A/Frameworks/ATS.framework/Versions/A/Resources/libFontParser.dylib
0x000000000b0cb000 	/System/Library/Frameworks/ApplicationServices.framework/Versions/A/Frameworks/ATS.framework/Versions/A/Resources/libFontRegistry.dylib
0x000000000b0cb000 	/System/Library/Frameworks/ImageIO.framework/Versions/A/Resources/libJPEG.dylib
0x000000000b0cb000 	/System/Library/Frameworks/ImageIO.framework/Versions/A/Resources/libTIFF.dylib
0x000000000b0cb000 	/System/Library/Frameworks/ImageIO.framework/Versions/A/Resources/libPng.dylib
0x000000000b0cb000 	/System/Library/Frameworks/ImageIO.framework/Versions/A/Resources/libGIF.dylib
0x000000000b0cb000 	/System/Library/Frameworks/ImageIO.framework/Versions/A/Resources/libJP2.dylib
0x000000000b0cb000 	/System/Library/Frameworks/ImageIO.framework/Versions/A/Resources/libRadiance.dylib
0x000000000b0cb000 	/usr/lib/libcups.2.dylib
0x000000000b0cb000 	/System/Library/Frameworks/Kerberos.framework/Versions/A/Kerberos
0x000000000b0cb000 	/System/Library/Frameworks/GSS.framework/Versions/A/GSS
0x000000000b0cb000 	/usr/lib/libresolv.9.dylib
0x000000000b0cb000 	/usr/lib/libiconv.2.dylib
0x000000000b0cb000 	/System/Library/PrivateFrameworks/Heimdal.framework/Versions/A/Heimdal
0x000000000b0cb000 	/System/Library/PrivateFrameworks/TrustEvaluationAgent.framework/Versions/A/TrustEvaluationAgent
0x000000000b0cb000 	/usr/lib/libheimdal-asn1.dylib
0x000000000b0cb000 	/System/Library/Frameworks/OpenDirectory.framework/Versions/A/OpenDirectory
0x000000000b0cb000 	/System/Library/PrivateFrameworks/CommonAuth.framework/Versions/A/CommonAuth
0x000000000b0cb000 	/System/Library/Frameworks/SecurityFoundation.framework/Versions/A/SecurityFoundation
0x000000000b0cb000 	/System/Library/PrivateFrameworks/Bom.framework/Versions/A/Bom
0x000000000b0cb000 	/System/Library/Frameworks/CoreVideo.framework/Versions/A/CoreVideo
0x000000000b0cb000 	/System/Library/Frameworks/QuartzCore.framework/Versions/A/Frameworks/CoreImage.framework/Versions/A/CoreImage
0x000000000b0cb000 	/System/Library/Frameworks/QuartzCore.framework/Versions/A/Frameworks/ScalableUserInterface.framework/Versions/A/ScalableUserInterface
0x000000000b0cb000 	/System/Library/Frameworks/OpenGL.framework/Versions/A/Libraries/libGLU.dylib
0x000000000b0cb000 	/System/Library/Frameworks/OpenGL.framework/Versions/A/Libraries/libGFXShared.dylib
0x000000000b0cb000 	/System/Library/Frameworks/OpenGL.framework/Versions/A/Libraries/libGL.dylib
0x000000000b0cb000 	/System/Library/Frameworks/OpenGL.framework/Versions/A/Libraries/libGLImage.dylib
0x000000000b0cb000 	/System/Library/Frameworks/OpenGL.framework/Versions/A/Libraries/libCVMSPluginSupport.dylib
0x000000000b0cb000 	/System/Library/Frameworks/OpenGL.framework/Versions/A/Libraries/libCoreVMClient.dylib
0x000000000b0cb000 	/System/Library/PrivateFrameworks/FaceCore.framework/Versions/A/FaceCore
0x000000000b0cb000 	/System/Library/PrivateFrameworks/CrashReporterSupport.framework/Versions/A/CrashReporterSupport
0x000000000b0cb000 	/System/Library/Frameworks/OpenCL.framework/Versions/A/OpenCL
0x000000000b0cb000 	/System/Library/PrivateFrameworks/AppleFSCompression.framework/Versions/A/AppleFSCompression
0x000000000b0cb000 	/System/Library/PrivateFrameworks/Ubiquity.framework/Versions/A/Ubiquity
0x000000000b0cb000 	/System/Library/PrivateFrameworks/IconServices.framework/Versions/A/IconServices
0x000000000b0cb000 	/System/Library/PrivateFrameworks/ChunkingLibrary.framework/Versions/A/ChunkingLibrary
0x000000000b0cb000 	/System/Library/PrivateFrameworks/CoreSymbolication.framework/Versions/A/CoreSymbolication
0x000000000b0cb000 	/System/Library/PrivateFrameworks/Symbolication.framework/Versions/A/Symbolication
0x000000000b0cb000 	/System/Library/PrivateFrameworks/DebugSymbols.framework/Versions/A/DebugSymbols
0x0000000103aef000 	/Library/Java/JavaVirtualMachines/jdk1.7.0_51.jdk/Contents/Home/jre/lib/server/libjvm.dylib
0x000000000b0cb000 	/usr/lib/libstdc++.6.dylib
0x0000000104558000 	/Library/Java/JavaVirtualMachines/jdk1.7.0_51.jdk/Contents/Home/jre/lib/libverify.dylib
0x0000000104565000 	/Library/Java/JavaVirtualMachines/jdk1.7.0_51.jdk/Contents/Home/jre/lib/libjava.dylib
0x000000010459f000 	/Library/Java/JavaVirtualMachines/jdk1.7.0_51.jdk/Contents/Home/jre/lib/libzip.dylib
0x000000010e71c000 	/System/Library/Frameworks/JavaVM.framework/Frameworks/JavaRuntimeSupport.framework/JavaRuntimeSupport
0x000000010e734000 	/System/Library/Frameworks/JavaVM.framework/Versions/A/Frameworks/JavaNativeFoundation.framework/Versions/A/JavaNativeFoundation
0x000000010e749000 	/System/Library/Frameworks/JavaVM.framework/Versions/A/JavaVM
0x000000000b0cb000 	/System/Library/Frameworks/Carbon.framework/Versions/A/Carbon
0x000000010e756000 	/System/Library/PrivateFrameworks/JavaLaunching.framework/Versions/A/JavaLaunching
0x000000000b0cb000 	/System/Library/Frameworks/Carbon.framework/Versions/A/Frameworks/CommonPanels.framework/Versions/A/CommonPanels
0x000000000b0cb000 	/System/Library/Frameworks/Carbon.framework/Versions/A/Frameworks/Help.framework/Versions/A/Help
0x000000000b0cb000 	/System/Library/Frameworks/Carbon.framework/Versions/A/Frameworks/ImageCapture.framework/Versions/A/ImageCapture
0x000000000b0cb000 	/System/Library/Frameworks/Carbon.framework/Versions/A/Frameworks/OpenScripting.framework/Versions/A/OpenScripting
0x000000000b0cb000 	/System/Library/Frameworks/Carbon.framework/Versions/A/Frameworks/Print.framework/Versions/A/Print
0x000000000b0cb000 	/System/Library/Frameworks/Carbon.framework/Versions/A/Frameworks/SecurityHI.framework/Versions/A/SecurityHI
0x000000010ee4f000 	/Library/Java/JavaVirtualMachines/jdk1.7.0_51.jdk/Contents/Home/jre/lib/libawt.dylib
0x000000010eefe000 	/Library/Java/JavaVirtualMachines/jdk1.7.0_51.jdk/Contents/Home/jre/lib/./libmlib_image.dylib
0x000000010efca000 	/Library/Java/JavaVirtualMachines/jdk1.7.0_51.jdk/Contents/Home/jre/lib/lwawt/liblwawt.dylib
0x000000010f07e000 	/Library/Java/JavaVirtualMachines/jdk1.7.0_51.jdk/Contents/Home/jre/lib/libosxapp.dylib
0x000000000b0cb000 	/System/Library/Frameworks/ExceptionHandling.framework/Versions/A/ExceptionHandling
0x000000000b0cb000 	/System/Library/PrivateFrameworks/CoreServicesInternal.framework/Versions/A/CoreServicesInternal
0x000000000b0cb000 	/System/Library/PrivateFrameworks/Librarian.framework/Versions/A/Librarian
0x000000000b0cb000 	/System/Library/Frameworks/CoreGraphics.framework/Versions/A/Resources/libCGCMS.A.dylib
0x000000000b0cb000 	/System/Library/Frameworks/CoreGraphics.framework/Versions/A/Resources/libRIP.A.dylib
0x000000000b0cb000 	/System/Library/Frameworks/CoreGraphics.framework/Versions/A/Resources/libCGXType.A.dylib
0x000000000b0cb000 	/System/Library/PrivateFrameworks/FamilyControls.framework/Versions/A/FamilyControls
0x000000000b0cb000 	/System/Library/PrivateFrameworks/CommerceKit.framework/Versions/A/Frameworks/CommerceCore.framework/Versions/A/CommerceCore
0x000000000b0cb000 	/System/Library/PrivateFrameworks/SystemAdministration.framework/Versions/A/SystemAdministration
0x000000000b0cb000 	/System/Library/Frameworks/DirectoryService.framework/Versions/A/DirectoryService
0x000000000b0cb000 	/System/Library/PrivateFrameworks/DiskImages.framework/Versions/A/DiskImages
0x000000000b0cb000 	/System/Library/PrivateFrameworks/LoginUIKit.framework/Versions/A/Frameworks/LoginUICore.framework/Versions/A/LoginUICore
0x000000000b0cb000 	/usr/lib/libCoreStorage.dylib
0x000000000b0cb000 	/usr/lib/libcsfde.dylib
0x000000000b0cb000 	/usr/lib/libodfde.dylib
0x000000000b0cb000 	/System/Library/Frameworks/DiscRecording.framework/Versions/A/DiscRecording
0x000000000b0cb000 	/usr/lib/libcurl.4.dylib
0x000000000b0cb000 	/System/Library/PrivateFrameworks/MediaKit.framework/Versions/A/MediaKit
0x000000000b0cb000 	/System/Library/PrivateFrameworks/EFILogin.framework/Versions/A/EFILogin
0x000000000b0cb000 	/usr/lib/libutil.dylib
0x000000000b0cb000 	/System/Library/PrivateFrameworks/AOSNotification.framework/Versions/A/AOSNotification
0x000000000b0cb000 	/System/Library/Frameworks/LDAP.framework/Versions/A/LDAP
0x000000000b0cb000 	/usr/lib/libsasl2.2.dylib
0x000000000b0cb000 	/usr/lib/libcrypto.0.9.8.dylib
0x000000000b0cb000 	/usr/lib/libssl.0.9.8.dylib
0x000000000b0cb000 	/System/Library/Frameworks/OpenGL.framework/Versions/A/Resources/GLEngine.bundle/GLEngine
0x000000000b0cb000 	/System/Library/Frameworks/OpenGL.framework/Versions/A/Libraries/libGLProgrammability.dylib
0x0000000000000000 	/System/Library/Extensions/AppleIntelHDGraphicsGLDriver.bundle/Contents/MacOS/AppleIntelHDGraphicsGLDriver
0x0000000110985000 	/System/Library/PrivateFrameworks/GPUSupport.framework/Versions/A/Libraries/libGPUSupport.dylib
0x0000000000000000 	/System/Library/Extensions/GeForceTeslaGLDriver.bundle/Contents/MacOS/GeForceTeslaGLDriver
0x00000001131cd000 	/System/Library/Extensions/GeForceTeslaGLDriver.bundle/Contents/MacOS/libclh.dylib
0x000000000b0cb000 	/System/Library/Frameworks/OpenGL.framework/Versions/A/Resources/GLRendererFloat.bundle/GLRendererFloat
0x000000000b0cb000 	/System/Library/Frameworks/OpenCL.framework/Versions/A/Libraries/libcldcpuengine.dylib
0x0000000113fc3000 	/Library/Java/JavaVirtualMachines/jdk1.7.0_51.jdk/Contents/Home/jre/lib/libfontmanager.dylib
0x0000000111786000 	/Library/Java/JavaVirtualMachines/jdk1.7.0_51.jdk/Contents/Home/jre/lib/libosxui.dylib
0x0000000113a2d000 	/Library/Java/JavaVirtualMachines/jdk1.7.0_51.jdk/Contents/Home/jre/lib/libnio.dylib
0x0000000114240000 	/Library/Java/JavaVirtualMachines/jdk1.7.0_51.jdk/Contents/Home/jre/lib/./libnet.dylib

VM Arguments:
jvm_args: -Dfile.encoding=MacRoman 
java_command: game_authoring_environment.GAE
Launcher Type: SUN_STANDARD

Environment Variables:
PATH=/usr/bin:/bin:/usr/sbin:/sbin
SHELL=/bin/bash

Signal Handlers:
SIGSEGV: [libjvm.dylib+0x525425], sa_mask[0]=0xfffefeff, sa_flags=0x00000043
SIGBUS: [libjvm.dylib+0x525425], sa_mask[0]=0xfffefeff, sa_flags=0x00000042
SIGFPE: [libjvm.dylib+0x41892a], sa_mask[0]=0xfffefeff, sa_flags=0x00000042
SIGPIPE: [libjvm.dylib+0x41892a], sa_mask[0]=0xfffefeff, sa_flags=0x00000042
SIGXFSZ: [libjvm.dylib+0x41892a], sa_mask[0]=0xfffefeff, sa_flags=0x00000042
SIGILL: [libjvm.dylib+0x41892a], sa_mask[0]=0xfffefeff, sa_flags=0x00000042
SIGUSR1: SIG_DFL, sa_mask[0]=0x00000000, sa_flags=0x00000002
SIGUSR2: [libjvm.dylib+0x41841c], sa_mask[0]=0x00000004, sa_flags=0x00000042
SIGHUP: [libjvm.dylib+0x4166ab], sa_mask[0]=0xfffefeff, sa_flags=0x00000042
SIGINT: [libjvm.dylib+0x4166ab], sa_mask[0]=0xfffefeff, sa_flags=0x00000042
SIGTERM: [libjvm.dylib+0x4166ab], sa_mask[0]=0xfffefeff, sa_flags=0x00000042
SIGQUIT: [libjvm.dylib+0x4166ab], sa_mask[0]=0xfffefeff, sa_flags=0x00000042


---------------  S Y S T E M  ---------------

OS:Bsduname:Darwin 13.1.0 Darwin Kernel Version 13.1.0: Thu Jan 16 19:40:37 PST 2014; root:xnu-2422.90.20~2/RELEASE_X86_64 x86_64
rlimit: STACK 8192k, CORE 0k, NPROC 709, NOFILE 10240, AS infinity
load average:1.65 1.76 1.87

CPU:total 4 (2 cores per cpu, 2 threads per core) family 6 model 37 stepping 5, cmov, cx8, fxsr, mmx, sse, sse2, sse3, ssse3, sse4.1, sse4.2, popcnt, aes, ht, tsc, tscinvbit

Memory: 4k page, physical 8388608k(2097152k free)

/proc/meminfo:


vm_info: Java HotSpot(TM) 64-Bit Server VM (24.51-b03) for bsd-amd64 JRE (1.7.0_51-b13), built on Dec 18 2013 18:45:56 by "java_re" with gcc 4.2.1 (Based on Apple Inc. build 5658) (LLVM build 2336.11.00)

time: Mon Apr  7 16:25:00 2014
elapsed time: 4176 seconds

